<?xml version="1.0" encoding="UTF-8"?>
<!-- Generated by org.testng.reporters.JUnitReportReporter -->
<testsuite hostname="Misha-PC" name="com.privacyfix.tests.FirstTest" tests="1" failures="0" timestamp="9 Aug 2014 17:34:51 GMT" time="0.114" errors="0">
  <testcase name="testMethod" time="0.114" classname="com.privacyfix.tests.FirstTest"/>
</testsuite> <!-- com.privacyfix.tests.FirstTest -->
